<?xml version="1.0" encoding="UTF-8"?><testsuite errors="1" failures="2" name="org.example.features.search.SearchByKeywordUbbClujDDT" skipped="1" tests="4" time="27.66" timestamp="2023-05-04 03:39:02"><testcase classname="org.example.features.search.SearchByKeywordUbbClujDDT" name="Searching by keyword a should display the corresponding title"><failure message="&#10;Expected: a collection containing a string containing &quot;Link spre Selecţie pentru proiecte de cercetare destinate studenților FMI în colaborare cu Grab Chronos SRL&quot;&#10;     but: was &quot;Link spre Eveniment ideatie Digital Tools for Mental Health # CS InnoHUB&quot;" type="java.lang.AssertionError">
Expected: a collection containing a string containing "Link spre Selecţie pentru proiecte de cercetare destinate studenților FMI în colaborare cu Grab Chronos SRL"
     but: was "Link spre Eveniment ideatie Digital Tools for Mental Health # CS InnoHUB"</failure><system-err>
Expected: a collection containing a string containing "Link spre Selecţie pentru proiecte de cercetare destinate studenților FMI în colaborare cu Grab Chronos SRL"
     but: was "Link spre Eveniment ideatie Digital Tools for Mental Health # CS InnoHUB"&#13;
org.example.steps.serenity.EndUserStepsUbbCluj.shouldSeeFirstTitleAfterSearch(EndUserStepsUbbCluj.java:28)&#13;
org.example.features.search.SearchByKeywordUbbClujDDT.searching_by_keyword__a__should_display_the_corresponding_title(SearchByKeywordUbbClujDDT.java:28)&#13;
</system-err></testcase><testcase classname="org.example.features.search.SearchByKeywordUbbClujDDT" name="Searching by keyword orar should display the corresponding article"><failure message="&#10;Expected: a collection containing a string containing &quot;Link spre Orarul programului postuniversitar de pregatire si formare profesionala in Informatica, modulul 2, sem. 2, an univ. 2021-2022&quot;&#10;     but: was &quot;Link spre Orarul programului postuniversitar de pregatire si formare profesionala in Informatica, modulul 2, sem. 2, an univ. 2022-2023&quot;" type="java.lang.AssertionError">
Expected: a collection containing a string containing "Link spre Orarul programului postuniversitar de pregatire si formare profesionala in Informatica, modulul 2, sem. 2, an univ. 2021-2022"
     but: was "Link spre Orarul programului postuniversitar de pregatire si formare profesionala in Informatica, modulul 2, sem. 2, an univ. 2022-2023"</failure><system-err>
Expected: a collection containing a string containing "Link spre Orarul programului postuniversitar de pregatire si formare profesionala in Informatica, modulul 2, sem. 2, an univ. 2021-2022"
     but: was "Link spre Orarul programului postuniversitar de pregatire si formare profesionala in Informatica, modulul 2, sem. 2, an univ. 2022-2023"&#13;
org.example.steps.serenity.EndUserStepsUbbCluj.shouldSeeFirstTitleAfterSearch(EndUserStepsUbbCluj.java:28)&#13;
org.example.features.search.SearchByKeywordUbbClujDDT.searching_by_keyword__orar__should_display_the_corresponding_article(SearchByKeywordUbbClujDDT.java:37)&#13;
</system-err></testcase><testcase classname="org.example.features.search.SearchByKeywordUbbClujDDT" name="Searching by ambiguious keyword should display the disambiguation page"><skipped/></testcase><testcase classname="org.example.features.search.SearchByKeywordUbbClujDDT" name="Searching by keyword invalid input too long should fail"><error message="no such element: Unable to locate element: {&quot;method&quot;:&quot;css selector&quot;,&quot;selector&quot;:&quot;.title&quot;}&#10;  (Session info: headless chrome=110.0.5481.178)&#10;For documentation on this error, please visit: https://www.seleniumhq.org/exceptions/no_such_element.html&#10;Build info: version: '3.141.59', revision: 'e82be7d358', time: '2018-11-14T08:17:03'&#10;System info: host: 'DELLG5-5587-ADA', ip: '192.168.100.14', os.name: 'Windows 11', os.arch: 'amd64', os.version: '10.0', java.version: '11.0.14.1'&#10;Driver info: org.openqa.selenium.chrome.ChromeDriver&#10;Capabilities {acceptInsecureCerts: false, browserName: chrome, browserVersion: 110.0.5481.178, chrome: {chromedriverVersion: 110.0.5481.77 (65ed616c6e8e..., userDataDir: C:\Users\paula\AppData\Loca...}, goog:chromeOptions: {debuggerAddress: localhost:53043}, javascriptEnabled: true, networkConnectionEnabled: false, pageLoadStrategy: normal, platform: WINDOWS, platformName: WINDOWS, proxy: Proxy(), setWindowRect: true, strictFileInteractability: false, timeouts: {implicit: 0, pageLoad: 300000, script: 30000}, unhandledPromptBehavior: dismiss and notify, webauthn:extension:credBlob: true, webauthn:extension:largeBlob: true, webauthn:virtualAuthenticators: true}&#10;Session ID: 6969b5b2456780f83227ca64b57213d8&#10;*** Element info: {Using=class name, value=title}" type="org.openqa.selenium.NoSuchElementException">no such element: Unable to locate element: {"method":"css selector","selector":".title"}
  (Session info: headless chrome=110.0.5481.178)
For documentation on this error, please visit: https://www.seleniumhq.org/exceptions/no_such_element.html
Build info: version: '3.141.59', revision: 'e82be7d358', time: '2018-11-14T08:17:03'
System info: host: 'DELLG5-5587-ADA', ip: '192.168.100.14', os.name: 'Windows 11', os.arch: 'amd64', os.version: '10.0', java.version: '11.0.14.1'
Driver info: org.openqa.selenium.chrome.ChromeDriver
Capabilities {acceptInsecureCerts: false, browserName: chrome, browserVersion: 110.0.5481.178, chrome: {chromedriverVersion: 110.0.5481.77 (65ed616c6e8e..., userDataDir: C:\Users\paula\AppData\Loca...}, goog:chromeOptions: {debuggerAddress: localhost:53043}, javascriptEnabled: true, networkConnectionEnabled: false, pageLoadStrategy: normal, platform: WINDOWS, platformName: WINDOWS, proxy: Proxy(), setWindowRect: true, strictFileInteractability: false, timeouts: {implicit: 0, pageLoad: 300000, script: 30000}, unhandledPromptBehavior: dismiss and notify, webauthn:extension:credBlob: true, webauthn:extension:largeBlob: true, webauthn:virtualAuthenticators: true}
Session ID: 6969b5b2456780f83227ca64b57213d8
*** Element info: {Using=class name, value=title}</error><system-err>no such element: Unable to locate element: {"method":"css selector","selector":".title"}
  (Session info: headless chrome=110.0.5481.178)
For documentation on this error, please visit: https://www.seleniumhq.org/exceptions/no_such_element.html
Build info: version: '3.141.59', revision: 'e82be7d358', time: '2018-11-14T08:17:03'
System info: host: 'DELLG5-5587-ADA', ip: '192.168.100.14', os.name: 'Windows 11', os.arch: 'amd64', os.version: '10.0', java.version: '11.0.14.1'
Driver info: org.openqa.selenium.chrome.ChromeDriver
Capabilities {acceptInsecureCerts: false, browserName: chrome, browserVersion: 110.0.5481.178, chrome: {chromedriverVersion: 110.0.5481.77 (65ed616c6e8e..., userDataDir: C:\Users\paula\AppData\Loca...}, goog:chromeOptions: {debuggerAddress: localhost:53043}, javascriptEnabled: true, networkConnectionEnabled: false, pageLoadStrategy: normal, platform: WINDOWS, platformName: WINDOWS, proxy: Proxy(), setWindowRect: true, strictFileInteractability: false, timeouts: {implicit: 0, pageLoad: 300000, script: 30000}, unhandledPromptBehavior: dismiss and notify, webauthn:extension:credBlob: true, webauthn:extension:largeBlob: true, webauthn:virtualAuthenticators: true}
Session ID: 6969b5b2456780f83227ca64b57213d8
*** Element info: {Using=class name, value=title}&#13;
org.example.pages.UbbClujPage.getFirstTitleAfterSearch(UbbClujPage.java:34)&#13;
org.example.steps.serenity.EndUserStepsUbbCluj.shouldSeeFirstTitleAfterSearch(EndUserStepsUbbCluj.java:28)&#13;
org.example.features.search.SearchByKeywordUbbClujDDT.searching_by_keyword__invalidInputTooLong__should_fail(SearchByKeywordUbbClujDDT.java:45)&#13;
</system-err></testcase></testsuite>